<?xml version="1.0" encoding="UTF-8"?>
<!-- Generated by org.testng.reporters.JUnitReportReporter -->
<testsuite skipped="0" hostname="WKWIN5822883" name="TestCases.TestCaseLogin" tests="4" failures="0" timestamp="21 Nov 2018 17:04:27 GMT" time="32.559" errors="0">
  <testcase name="verifyLogo" time="6.685" classname="TestCases.TestCaseLogin"/>
  <testcase name="verifyTabs" time="7.807" classname="TestCases.TestCaseLogin"/>
  <testcase name="checkIncorrectLogin" time="9.771" classname="TestCases.TestCaseLogin"/>
  <testcase name="checkCorrectLogin" time="8.296" classname="TestCases.TestCaseLogin"/>
</testsuite> <!-- TestCases.TestCaseLogin -->
