<?xml version="1.0" encoding="UTF-8"?>
<!-- Generated by org.testng.reporters.JUnitReportReporter -->
<testsuite skipped="0" hostname="WKWIN5822883" name="TestCases.TestCaseAccountSummary" tests="1" failures="0" timestamp="21 Nov 2018 17:04:27 GMT" time="12.563" errors="0">
  <testcase name="verifyAccountSummary" time="12.563" classname="TestCases.TestCaseAccountSummary"/>
</testsuite> <!-- TestCases.TestCaseAccountSummary -->
