<?xml version="1.0" encoding="UTF-8"?>
<!-- Generated by org.testng.reporters.JUnitReportReporter -->
<testsuite skipped="0" hostname="WKWIN5822883" name="TestCases.TestCaseTransferFunds" tests="1" failures="0" timestamp="21 Nov 2018 17:04:27 GMT" time="9.231" errors="0">
  <testcase name="FundsTransfer" time="9.231" classname="TestCases.TestCaseTransferFunds"/>
</testsuite> <!-- TestCases.TestCaseTransferFunds -->
