<?xml version="1.0" encoding="UTF-8"?>
<!-- Generated by org.testng.reporters.JUnitReportReporter -->
<testsuite skipped="0" hostname="WKWIN5822883" name="TestCases.TestCaseBankingHome" tests="1" failures="0" timestamp="21 Nov 2018 17:04:27 GMT" time="9.984" errors="0">
  <testcase name="verifyBankingDetails" time="9.984" classname="TestCases.TestCaseBankingHome"/>
</testsuite> <!-- TestCases.TestCaseBankingHome -->
